<?xml version="1.0" encoding="UTF-8"?>
<testng-results ignored="0" total="2" passed="2" failed="0" skipped="0">
  <reporter-output>
  </reporter-output>
  <suite started-at="2020-07-30T09:32:56 IST" name="Default suite" finished-at="2020-07-30T09:33:18 IST" duration-ms="21926">
    <groups>
    </groups>
    <test started-at="2020-07-30T09:32:56 IST" name="Default test" finished-at="2020-07-30T09:33:18 IST" duration-ms="21926">
      <class name="com.testng.pack1.NewTest1">
        <test-method signature="f()[pri:0, instance:com.testng.pack1.NewTest1@1a0dcaa]" started-at="2020-07-30T09:32:56 IST" name="f" finished-at="2020-07-30T09:33:07 IST" duration-ms="11486" status="PASS">
          <reporter-output>
          </reporter-output>
        </test-method> <!-- f -->
        <test-method signature="f()[pri:0, instance:com.testng.pack1.NewTest1@1a0dcaa]" started-at="2020-07-30T09:33:07 IST" name="f" finished-at="2020-07-30T09:33:18 IST" duration-ms="10381" status="PASS">
          <reporter-output>
          </reporter-output>
        </test-method> <!-- f -->
      </class> <!-- com.testng.pack1.NewTest1 -->
    </test> <!-- Default test -->
  </suite> <!-- Default suite -->
</testng-results>
